Using pre-set license
Built from '2021.2/staging' branch; Version is '2021.2.12f1 (48b1aa000234) revision 4764074'; Using compiler version '192829333'; Build Type 'Release'
OS: 'Windows 10  (10.0.19044) 64bit Education' Language: 'en' Physical Memory: 32718 MB
BatchMode: 1, IsHumanControllingUs: 0, StartBugReporterOnCrash: 0, Is64bit: 1, IsPro: 0

COMMAND LINE ARGUMENTS:
C:\Program Files\Unity 2021.2.12f1\Editor\Unity.exe
-adb2
-batchMode
-noUpm
-name
AssetImportWorker1
-projectPath
C:/Users/khan67/My project
-logFile
Logs/AssetImportWorker1.log
-srvPort
64818
Successfully changed project path to: C:/Users/khan67/My project
C:/Users/khan67/My project
[UnityMemory] Configuration Parameters - Can be set up in boot.config
    "memorysetup-bucket-allocator-granularity=16"
    "memorysetup-bucket-allocator-bucket-count=8"
    "memorysetup-bucket-allocator-block-size=33554432"
    "memorysetup-bucket-allocator-block-count=8"
    "memorysetup-main-allocator-block-size=16777216"
    "memorysetup-thread-allocator-block-size=16777216"
    "memorysetup-gfx-main-allocator-block-size=16777216"
    "memorysetup-gfx-thread-allocator-block-size=16777216"
    "memorysetup-cache-allocator-block-size=4194304"
    "memorysetup-typetree-allocator-block-size=2097152"
    "memorysetup-profiler-bucket-allocator-granularity=16"
    "memorysetup-profiler-bucket-allocator-bucket-count=8"
    "memorysetup-profiler-bucket-allocator-block-size=33554432"
    "memorysetup-profiler-bucket-allocator-block-count=8"
    "memorysetup-profiler-allocator-block-size=16777216"
    "memorysetup-profiler-editor-allocator-block-size=1048576"
    "memorysetup-temp-allocator-size-main=16777216"
    "memorysetup-job-temp-allocator-block-size=2097152"
    "memorysetup-job-temp-allocator-block-size-background=1048576"
    "memorysetup-job-temp-allocator-reduction-small-platforms=262144"
    "memorysetup-temp-allocator-size-background-worker=32768"
    "memorysetup-temp-allocator-size-job-worker=262144"
    "memorysetup-temp-allocator-size-preload-manager=33554432"
    "memorysetup-temp-allocator-size-nav-mesh-worker=65536"
    "memorysetup-temp-allocator-size-audio-worker=65536"
    "memorysetup-temp-allocator-size-cloud-worker=32768"
    "memorysetup-temp-allocator-size-gi-baking-worker=262144"
    "memorysetup-temp-allocator-size-gfx=262144"
Refreshing native plugins compatible for Editor in 96.25 ms, found 4 plugins.
Preloading 0 native plugins for Editor in 0.00 ms.
Initialize engine version: 2021.2.12f1 (48b1aa000234)
[Subsystems] Discovering subsystems at path C:/Program Files/Unity 2021.2.12f1/Editor/Data/Resources/UnitySubsystems
[Subsystems] Discovering subsystems at path C:/Users/khan67/My project/Assets
GfxDevice: creating device client; threaded=0; jobified=0
Direct3D:
    Version:  Direct3D 11.0 [level 11.1]
    Renderer: AMD Radeon RX 5700 XT (ID=0x731f)
    Vendor:   ATI
    VRAM:     8151 MB
    Driver:   30.0.13023.1012
Initialize mono
Mono path[0] = 'C:/Program Files/Unity 2021.2.12f1/Editor/Data/Managed'
Mono path[1] = 'C:/Program Files/Unity 2021.2.12f1/Editor/Data/MonoBleedingEdge/lib/mono/unityjit-win32'
Mono config path = 'C:/Program Files/Unity 2021.2.12f1/Editor/Data/MonoBleedingEdge/etc'
Using monoOptions --debugger-agent=transport=dt_socket,embedding=1,server=y,suspend=n,address=127.0.0.1:56488
Begin MonoManager ReloadAssembly
Registering precompiled unity dll's ...
Register platform support module: C:/Program Files/Unity 2021.2.12f1/Editor/Data/PlaybackEngines/WindowsStandaloneSupport/UnityEditor.WindowsStandalone.Extensions.dll
Registered in 0.005705 seconds.
Native extension for WindowsStandalone target not found
Refreshing native plugins compatible for Editor in 85.35 ms, found 4 plugins.
Preloading 0 native plugins for Editor in 0.00 ms.
Mono: successfully reloaded assembly
- Completed reload, in  0.649 seconds
Domain Reload Profiling:
	ReloadAssembly (649ms)
		BeginReloadAssembly (74ms)
			ExecutionOrderSort (0ms)
			DisableScriptedObjects (0ms)
			BackupInstance (0ms)
			ReleaseScriptingObjects (0ms)
			CreateAndSetChildDomain (1ms)
		EndReloadAssembly (468ms)
			LoadAssemblies (72ms)
			RebuildTransferFunctionScriptingTraits (0ms)
			SetupTypeCache (112ms)
			ReleaseScriptCaches (0ms)
			RebuildScriptCaches (25ms)
			SetupLoadedEditorAssemblies (277ms)
				LogAssemblyErrors (0ms)
				InitializePlatformSupportModulesInManaged (6ms)
				SetLoadedEditorAssemblies (0ms)
				RefreshPlugins (85ms)
				BeforeProcessingInitializeOnLoad (1ms)
				ProcessInitializeOnLoadAttributes (141ms)
				ProcessInitializeOnLoadMethodAttributes (42ms)
				AfterProcessingInitializeOnLoad (0ms)
				EditorAssembliesLoaded (0ms)
			ExecutionOrderSort2 (0ms)
			AwakeInstancesAfterBackupRestoration (0ms)
Platform modules already initialized, skipping
Registering precompiled user dll's ...
Registered in 0.009162 seconds.
Begin MonoManager ReloadAssembly
Symbol file LoadedFromMemory doesn't match image C:\Users\khan67\My project\Library\PackageCache\com.unity.visualscripting@1.7.6\Editor\VisualScripting.Core\Dependencies\YamlDotNet\Unity.VisualScripting.YamlDotNet.dll
Symbol file LoadedFromMemory doesn't match image C:\Users\khan67\My project\Library\PackageCache\com.unity.visualscripting@1.7.6\Editor\VisualScripting.Core\Dependencies\DotNetZip\Unity.VisualScripting.IonicZip.dll
Native extension for WindowsStandalone target not found
Refreshing native plugins compatible for Editor in 86.16 ms, found 4 plugins.
Preloading 0 native plugins for Editor in 0.00 ms.
Mono: successfully reloaded assembly
- Completed reload, in  1.452 seconds
Domain Reload Profiling:
	ReloadAssembly (1453ms)
		BeginReloadAssembly (114ms)
			ExecutionOrderSort (0ms)
			DisableScriptedObjects (6ms)
			BackupInstance (0ms)
			ReleaseScriptingObjects (0ms)
			CreateAndSetChildDomain (21ms)
		EndReloadAssembly (1226ms)
			LoadAssemblies (85ms)
			RebuildTransferFunctionScriptingTraits (0ms)
			SetupTypeCache (228ms)
			ReleaseScriptCaches (1ms)
			RebuildScriptCaches (51ms)
			SetupLoadedEditorAssemblies (825ms)
				LogAssemblyErrors (0ms)
				InitializePlatformSupportModulesInManaged (5ms)
				SetLoadedEditorAssemblies (0ms)
				RefreshPlugins (86ms)
				BeforeProcessingInitializeOnLoad (94ms)
				ProcessInitializeOnLoadAttributes (597ms)
				ProcessInitializeOnLoadMethodAttributes (35ms)
				AfterProcessingInitializeOnLoad (7ms)
				EditorAssembliesLoaded (0ms)
			ExecutionOrderSort2 (0ms)
			AwakeInstancesAfterBackupRestoration (5ms)
Platform modules already initialized, skipping
========================================================================
Worker process is ready to serve import requests
Launched and connected shader compiler UnityShaderCompiler.exe after 0.06 seconds
Refreshing native plugins compatible for Editor in 0.82 ms, found 4 plugins.
Preloading 0 native plugins for Editor in 0.00 ms.
Unloading 3906 Unused Serialized files (Serialized files now loaded: 0)
Unloading 40 unused Assets / (225.5 KB). Loaded Objects now: 4358.
Memory consumption went from 146.8 MB to 146.6 MB.
Total: 4.348000 ms (FindLiveObjects: 0.412300 ms CreateObjectMapping: 0.244100 ms MarkObjects: 3.519200 ms  DeleteObjects: 0.170900 ms)

AssetImportParameters requested are different than current active one (requested -> active):
  custom:video-decoder-ogg-theora: a1e56fd34408186e4bbccfd4996cb3dc -> 
  custom:container-muxer-webm: aa71ff27fc2769a1b78a27578f13a17b -> 
  custom:container-demuxer-webm: 4f35f7cbe854078d1ac9338744f61a02 -> 
  custom:video-encoder-webm-vp8: eb34c28f22e8b96e1ab97ce403110664 -> 
  custom:audio-encoder-webm-vorbis: bf7c407c2cedff20999df2af8eb42d56 -> 
  custom:framework-win-MediaFoundation: 216162199b28c13a410421893ffa2e32 -> 
  custom:container-demuxer-ogg: 62fdf1f143b41e24485cea50d1cbac27 -> 
  custom:video-decoder-webm-vp8: 9c59270c3fd7afecdb556c50c9e8de78 -> 
  custom:audio-decoder-ogg-vorbis: bf7c407c2cedff20999df2af8eb42d56 -> 
========================================================================
Received Import Request.
  Time since last request: 236755.730968 seconds.
  path: Packages/com.unity.2d.spriteshape/Editor/ObjectMenuCreation/DefaultAssets/Sprite Shapes/Open Sprite Shape.prefab
  artifactKey: Guid(86ae7de409eb54f619fb1328e4d42480) Importer(815301076,1909f56bfc062723c751e8b465ee728b)
Start importing Packages/com.unity.2d.spriteshape/Editor/ObjectMenuCreation/DefaultAssets/Sprite Shapes/Open Sprite Shape.prefab using Guid(86ae7de409eb54f619fb1328e4d42480) Importer(815301076,1909f56bfc062723c751e8b465ee728b)  -> (artifact id: '18dd99d0471d4d449f990567de8adb07') in 0.178776 seconds 
========================================================================
Received Import Request.
  Time since last request: 2646.490487 seconds.
  path: Assets/v1.1 dungeon crawler 16x16 pixel pack/full tilemap.png
  artifactKey: Guid(3aeb529b551617149877ab8013277607) Importer(815301076,1909f56bfc062723c751e8b465ee728b)
Start importing Assets/v1.1 dungeon crawler 16x16 pixel pack/full tilemap.png using Guid(3aeb529b551617149877ab8013277607) Importer(815301076,1909f56bfc062723c751e8b465ee728b)  -> (artifact id: '1730451d41e31703be1656203f2ec971') in 0.071869 seconds 
========================================================================
Received Import Request.
  Time since last request: 57.442947 seconds.
  path: Assets/Artwork/Atlas/tiles/floor/floor_1.png
  artifactKey: Guid(882c5e508de131846bff9d5ad673848d) Importer(815301076,1909f56bfc062723c751e8b465ee728b)
Start importing Assets/Artwork/Atlas/tiles/floor/floor_1.png using Guid(882c5e508de131846bff9d5ad673848d) Importer(815301076,1909f56bfc062723c751e8b465ee728b)  -> (artifact id: 'd43bbe4b7421a958243cd10b3807003b') in 0.017562 seconds 
========================================================================
Received Import Request.
  Time since last request: 0.000038 seconds.
  path: Assets/Artwork/Atlas/tiles/floor/floor_6.png
  artifactKey: Guid(59ee01521038bba4da231bd567e706bd) Importer(815301076,1909f56bfc062723c751e8b465ee728b)
Start importing Assets/Artwork/Atlas/tiles/floor/floor_6.png using Guid(59ee01521038bba4da231bd567e706bd) Importer(815301076,1909f56bfc062723c751e8b465ee728b)  -> (artifact id: '77f75663855ef4adecb90bb2f881b32e') in 0.015495 seconds 
========================================================================
Received Import Request.
  Time since last request: 0.000026 seconds.
  path: Assets/Artwork/Atlas/tiles/floor/spikes_anim_f4.png
  artifactKey: Guid(c8c2a2c36818bc54198f6696420ac035) Importer(815301076,1909f56bfc062723c751e8b465ee728b)
Start importing Assets/Artwork/Atlas/tiles/floor/spikes_anim_f4.png using Guid(c8c2a2c36818bc54198f6696420ac035) Importer(815301076,1909f56bfc062723c751e8b465ee728b)  -> (artifact id: 'd8dde470e1d7def12ff926ed6604813b') in 0.023309 seconds 
========================================================================
Received Import Request.
  Time since last request: 0.000032 seconds.
  path: Assets/Artwork/Atlas/tiles/floor/floor_side_right.png
  artifactKey: Guid(3d99c045ce0c1bf44873ba7198f13778) Importer(815301076,1909f56bfc062723c751e8b465ee728b)
Start importing Assets/Artwork/Atlas/tiles/floor/floor_side_right.png using Guid(3d99c045ce0c1bf44873ba7198f13778) Importer(815301076,1909f56bfc062723c751e8b465ee728b)  -> (artifact id: '42dbad03f5db04c099ada6a33483b5eb') in 0.022429 seconds 
========================================================================
Received Import Request.
  Time since last request: 0.000042 seconds.
  path: Assets/Artwork/Atlas/tiles/floor/spikes_anim_f0.png
  artifactKey: Guid(66c47f207e527ba4496e7916e49b88e2) Importer(815301076,1909f56bfc062723c751e8b465ee728b)
Start importing Assets/Artwork/Atlas/tiles/floor/spikes_anim_f0.png using Guid(66c47f207e527ba4496e7916e49b88e2) Importer(815301076,1909f56bfc062723c751e8b465ee728b)  -> (artifact id: '615dfe8726e1424543f132cfe03ca15c') in 0.017301 seconds 
========================================================================
Received Import Request.
  Time since last request: 0.000034 seconds.
  path: Assets/Artwork/Atlas/tiles/floor/floor_side3.png
  artifactKey: Guid(f3639982a0e7cdf429ac3383042c8e7f) Importer(815301076,1909f56bfc062723c751e8b465ee728b)
Start importing Assets/Artwork/Atlas/tiles/floor/floor_side3.png using Guid(f3639982a0e7cdf429ac3383042c8e7f) Importer(815301076,1909f56bfc062723c751e8b465ee728b)  -> (artifact id: '869659da485afc3282730ccdb089f5d6') in 0.015702 seconds 
========================================================================
Received Import Request.
  Time since last request: 0.000023 seconds.
  path: Assets/Artwork/Atlas/tiles/floor/floor_8.png
  artifactKey: Guid(eac2ccea0fe15f44ca53001e029bb01b) Importer(815301076,1909f56bfc062723c751e8b465ee728b)
Start importing Assets/Artwork/Atlas/tiles/floor/floor_8.png using Guid(eac2ccea0fe15f44ca53001e029bb01b) Importer(815301076,1909f56bfc062723c751e8b465ee728b)  -> (artifact id: '9f0d380ea7cc0ad92cd4b2b86f9bd219') in 0.018017 seconds 
========================================================================
Received Import Request.
  Time since last request: 0.000032 seconds.
  path: Assets/Artwork/Atlas/tiles/floor/floor_9.png
  artifactKey: Guid(7711c24e406f25742a78224df99620f4) Importer(815301076,1909f56bfc062723c751e8b465ee728b)
Start importing Assets/Artwork/Atlas/tiles/floor/floor_9.png using Guid(7711c24e406f25742a78224df99620f4) Importer(815301076,1909f56bfc062723c751e8b465ee728b)  -> (artifact id: '40f39aa0603efc8da06dedcf46ef77d6') in 0.017616 seconds 
========================================================================
Received Import Request.
  Time since last request: 0.000029 seconds.
  path: Assets/Artwork/Atlas/tiles/floor/spikes_anim_f7.png
  artifactKey: Guid(cde87d522173ee444b7ad1bb5b6417d9) Importer(815301076,1909f56bfc062723c751e8b465ee728b)
Start importing Assets/Artwork/Atlas/tiles/floor/spikes_anim_f7.png using Guid(cde87d522173ee444b7ad1bb5b6417d9) Importer(815301076,1909f56bfc062723c751e8b465ee728b)  -> (artifact id: '5e3a81b5c91a967c5b9326d8db25608f') in 0.016857 seconds 
========================================================================
Received Import Request.
  Time since last request: 0.000036 seconds.
  path: Assets/Artwork/Atlas/tiles/floor/floor_side5.png
  artifactKey: Guid(1cb671baa32ff6a4e84c917d8faa407e) Importer(815301076,1909f56bfc062723c751e8b465ee728b)
Start importing Assets/Artwork/Atlas/tiles/floor/floor_side5.png using Guid(1cb671baa32ff6a4e84c917d8faa407e) Importer(815301076,1909f56bfc062723c751e8b465ee728b)  -> (artifact id: '732a682bf2243cee92d3887165d3de74') in 0.017827 seconds 
========================================================================
Received Import Request.
  Time since last request: 0.000022 seconds.
  path: Assets/Artwork/Atlas/tiles/floor/spikes_anim_f9.png
  artifactKey: Guid(9372ecb71eab36848b545870612940d4) Importer(815301076,1909f56bfc062723c751e8b465ee728b)
Start importing Assets/Artwork/Atlas/tiles/floor/spikes_anim_f9.png using Guid(9372ecb71eab36848b545870612940d4) Importer(815301076,1909f56bfc062723c751e8b465ee728b)  -> (artifact id: '609e790b4cacc688682ca31eb2c9f5d5') in 0.014729 seconds 
========================================================================
Received Import Request.
  Time since last request: 0.000031 seconds.
  path: Assets/Artwork/Atlas/tiles/floor/spikes_anim_f3.png
  artifactKey: Guid(3ebc6dae75986724ab938f0f1158c444) Importer(815301076,1909f56bfc062723c751e8b465ee728b)
Start importing Assets/Artwork/Atlas/tiles/floor/spikes_anim_f3.png using Guid(3ebc6dae75986724ab938f0f1158c444) Importer(815301076,1909f56bfc062723c751e8b465ee728b)  -> (artifact id: '1c69a8d4cb8d6df22b476b032f4d7ee2') in 0.014999 seconds 
========================================================================
Received Import Request.
  Time since last request: 0.000038 seconds.
  path: Assets/Artwork/Atlas/tiles/floor/spikes_anim_f8.png
  artifactKey: Guid(56f53a479629e494ea324fdaf0e26308) Importer(815301076,1909f56bfc062723c751e8b465ee728b)
Start importing Assets/Artwork/Atlas/tiles/floor/spikes_anim_f8.png using Guid(56f53a479629e494ea324fdaf0e26308) Importer(815301076,1909f56bfc062723c751e8b465ee728b)  -> (artifact id: 'f5ffb11d25aebd16c5f5d2b49c76cdc8') in 0.013805 seconds 
========================================================================
Received Import Request.
  Time since last request: 0.000019 seconds.
  path: Assets/Artwork/Atlas/tiles/floor/floor_2.png
  artifactKey: Guid(e3c8a6300f353b84aba698f6ff41e092) Importer(815301076,1909f56bfc062723c751e8b465ee728b)
Start importing Assets/Artwork/Atlas/tiles/floor/floor_2.png using Guid(e3c8a6300f353b84aba698f6ff41e092) Importer(815301076,1909f56bfc062723c751e8b465ee728b)  -> (artifact id: '29bdf82923e5780b2ca9c2a62d85f765') in 0.014382 seconds 
========================================================================
Received Import Request.
  Time since last request: 0.000027 seconds.
  path: Assets/Artwork/Atlas/tiles/floor/floor_5.png
  artifactKey: Guid(a262a48d971b0424385518a64aad4c74) Importer(815301076,1909f56bfc062723c751e8b465ee728b)
Start importing Assets/Artwork/Atlas/tiles/floor/floor_5.png using Guid(a262a48d971b0424385518a64aad4c74) Importer(815301076,1909f56bfc062723c751e8b465ee728b)  -> (artifact id: 'a60db29eaf3f11837bc6c792806a07f7') in 0.016752 seconds 
Editor requested this worker to shutdown with reason: Scaling down because of idle timeout
AssetImportWorker is now disconnected from the server
Process exiting
Exiting without the bug reporter. Application will terminate with return code 0