Using pre-set license
Built from '2021.2/staging' branch; Version is '2021.2.12f1 (48b1aa000234) revision 4764074'; Using compiler version '192829333'; Build Type 'Release'
OS: 'Windows 10  (10.0.19044) 64bit Education' Language: 'en' Physical Memory: 32718 MB
BatchMode: 1, IsHumanControllingUs: 0, StartBugReporterOnCrash: 0, Is64bit: 1, IsPro: 0

COMMAND LINE ARGUMENTS:
C:\Program Files\Unity 2021.2.12f1\Editor\Unity.exe
-adb2
-batchMode
-noUpm
-name
AssetImportWorker0
-projectPath
C:/Users/khan67/My project
-logFile
Logs/AssetImportWorker0.log
-srvPort
64818
Successfully changed project path to: C:/Users/khan67/My project
C:/Users/khan67/My project
[UnityMemory] Configuration Parameters - Can be set up in boot.config
    "memorysetup-bucket-allocator-granularity=16"
    "memorysetup-bucket-allocator-bucket-count=8"
    "memorysetup-bucket-allocator-block-size=33554432"
    "memorysetup-bucket-allocator-block-count=8"
    "memorysetup-main-allocator-block-size=16777216"
    "memorysetup-thread-allocator-block-size=16777216"
    "memorysetup-gfx-main-allocator-block-size=16777216"
    "memorysetup-gfx-thread-allocator-block-size=16777216"
    "memorysetup-cache-allocator-block-size=4194304"
    "memorysetup-typetree-allocator-block-size=2097152"
    "memorysetup-profiler-bucket-allocator-granularity=16"
    "memorysetup-profiler-bucket-allocator-bucket-count=8"
    "memorysetup-profiler-bucket-allocator-block-size=33554432"
    "memorysetup-profiler-bucket-allocator-block-count=8"
    "memorysetup-profiler-allocator-block-size=16777216"
    "memorysetup-profiler-editor-allocator-block-size=1048576"
    "memorysetup-temp-allocator-size-main=16777216"
    "memorysetup-job-temp-allocator-block-size=2097152"
    "memorysetup-job-temp-allocator-block-size-background=1048576"
    "memorysetup-job-temp-allocator-reduction-small-platforms=262144"
    "memorysetup-temp-allocator-size-background-worker=32768"
    "memorysetup-temp-allocator-size-job-worker=262144"
    "memorysetup-temp-allocator-size-preload-manager=33554432"
    "memorysetup-temp-allocator-size-nav-mesh-worker=65536"
    "memorysetup-temp-allocator-size-audio-worker=65536"
    "memorysetup-temp-allocator-size-cloud-worker=32768"
    "memorysetup-temp-allocator-size-gi-baking-worker=262144"
    "memorysetup-temp-allocator-size-gfx=262144"
Refreshing native plugins compatible for Editor in 95.58 ms, found 4 plugins.
Preloading 0 native plugins for Editor in 0.00 ms.
Initialize engine version: 2021.2.12f1 (48b1aa000234)
[Subsystems] Discovering subsystems at path C:/Program Files/Unity 2021.2.12f1/Editor/Data/Resources/UnitySubsystems
[Subsystems] Discovering subsystems at path C:/Users/khan67/My project/Assets
GfxDevice: creating device client; threaded=0; jobified=0
Direct3D:
    Version:  Direct3D 11.0 [level 11.1]
    Renderer: AMD Radeon RX 5700 XT (ID=0x731f)
    Vendor:   ATI
    VRAM:     8151 MB
    Driver:   30.0.13023.1012
Initialize mono
Mono path[0] = 'C:/Program Files/Unity 2021.2.12f1/Editor/Data/Managed'
Mono path[1] = 'C:/Program Files/Unity 2021.2.12f1/Editor/Data/MonoBleedingEdge/lib/mono/unityjit-win32'
Mono config path = 'C:/Program Files/Unity 2021.2.12f1/Editor/Data/MonoBleedingEdge/etc'
Using monoOptions --debugger-agent=transport=dt_socket,embedding=1,server=y,suspend=n,address=127.0.0.1:56088
Begin MonoManager ReloadAssembly
Registering precompiled unity dll's ...
Register platform support module: C:/Program Files/Unity 2021.2.12f1/Editor/Data/PlaybackEngines/WindowsStandaloneSupport/UnityEditor.WindowsStandalone.Extensions.dll
Registered in 0.004870 seconds.
Native extension for WindowsStandalone target not found
Refreshing native plugins compatible for Editor in 84.67 ms, found 4 plugins.
Preloading 0 native plugins for Editor in 0.00 ms.
Mono: successfully reloaded assembly
- Completed reload, in  0.648 seconds
Domain Reload Profiling:
	ReloadAssembly (649ms)
		BeginReloadAssembly (74ms)
			ExecutionOrderSort (0ms)
			DisableScriptedObjects (0ms)
			BackupInstance (0ms)
			ReleaseScriptingObjects (0ms)
			CreateAndSetChildDomain (1ms)
		EndReloadAssembly (468ms)
			LoadAssemblies (71ms)
			RebuildTransferFunctionScriptingTraits (0ms)
			SetupTypeCache (111ms)
			ReleaseScriptCaches (0ms)
			RebuildScriptCaches (26ms)
			SetupLoadedEditorAssemblies (277ms)
				LogAssemblyErrors (0ms)
				InitializePlatformSupportModulesInManaged (7ms)
				SetLoadedEditorAssemblies (0ms)
				RefreshPlugins (85ms)
				BeforeProcessingInitializeOnLoad (1ms)
				ProcessInitializeOnLoadAttributes (141ms)
				ProcessInitializeOnLoadMethodAttributes (42ms)
				AfterProcessingInitializeOnLoad (0ms)
				EditorAssembliesLoaded (0ms)
			ExecutionOrderSort2 (0ms)
			AwakeInstancesAfterBackupRestoration (0ms)
Platform modules already initialized, skipping
Registering precompiled user dll's ...
Registered in 0.009207 seconds.
Begin MonoManager ReloadAssembly
Symbol file LoadedFromMemory doesn't match image C:\Users\khan67\My project\Library\PackageCache\com.unity.visualscripting@1.7.6\Editor\VisualScripting.Core\Dependencies\YamlDotNet\Unity.VisualScripting.YamlDotNet.dll
Symbol file LoadedFromMemory doesn't match image C:\Users\khan67\My project\Library\PackageCache\com.unity.visualscripting@1.7.6\Editor\VisualScripting.Core\Dependencies\DotNetZip\Unity.VisualScripting.IonicZip.dll
Native extension for WindowsStandalone target not found
Refreshing native plugins compatible for Editor in 86.56 ms, found 4 plugins.
Preloading 0 native plugins for Editor in 0.00 ms.
Mono: successfully reloaded assembly
- Completed reload, in  1.446 seconds
Domain Reload Profiling:
	ReloadAssembly (1447ms)
		BeginReloadAssembly (114ms)
			ExecutionOrderSort (0ms)
			DisableScriptedObjects (6ms)
			BackupInstance (0ms)
			ReleaseScriptingObjects (0ms)
			CreateAndSetChildDomain (21ms)
		EndReloadAssembly (1222ms)
			LoadAssemblies (85ms)
			RebuildTransferFunctionScriptingTraits (0ms)
			SetupTypeCache (228ms)
			ReleaseScriptCaches (1ms)
			RebuildScriptCaches (50ms)
			SetupLoadedEditorAssemblies (820ms)
				LogAssemblyErrors (0ms)
				InitializePlatformSupportModulesInManaged (4ms)
				SetLoadedEditorAssemblies (0ms)
				RefreshPlugins (87ms)
				BeforeProcessingInitializeOnLoad (94ms)
				ProcessInitializeOnLoadAttributes (595ms)
				ProcessInitializeOnLoadMethodAttributes (31ms)
				AfterProcessingInitializeOnLoad (8ms)
				EditorAssembliesLoaded (0ms)
			ExecutionOrderSort2 (0ms)
			AwakeInstancesAfterBackupRestoration (5ms)
Platform modules already initialized, skipping
========================================================================
Worker process is ready to serve import requests
Launched and connected shader compiler UnityShaderCompiler.exe after 0.06 seconds
Refreshing native plugins compatible for Editor in 0.75 ms, found 4 plugins.
Preloading 0 native plugins for Editor in 0.00 ms.
Unloading 3906 Unused Serialized files (Serialized files now loaded: 0)
Unloading 40 unused Assets / (225.5 KB). Loaded Objects now: 4358.
Memory consumption went from 146.8 MB to 146.6 MB.
Total: 3.999000 ms (FindLiveObjects: 0.383700 ms CreateObjectMapping: 0.108700 ms MarkObjects: 3.338100 ms  DeleteObjects: 0.167000 ms)

AssetImportParameters requested are different than current active one (requested -> active):
  custom:video-decoder-ogg-theora: a1e56fd34408186e4bbccfd4996cb3dc -> 
  custom:container-muxer-webm: aa71ff27fc2769a1b78a27578f13a17b -> 
  custom:container-demuxer-webm: 4f35f7cbe854078d1ac9338744f61a02 -> 
  custom:video-encoder-webm-vp8: eb34c28f22e8b96e1ab97ce403110664 -> 
  custom:audio-encoder-webm-vorbis: bf7c407c2cedff20999df2af8eb42d56 -> 
  custom:framework-win-MediaFoundation: 216162199b28c13a410421893ffa2e32 -> 
  custom:container-demuxer-ogg: 62fdf1f143b41e24485cea50d1cbac27 -> 
  custom:video-decoder-webm-vp8: 9c59270c3fd7afecdb556c50c9e8de78 -> 
  custom:audio-decoder-ogg-vorbis: bf7c407c2cedff20999df2af8eb42d56 -> 
========================================================================
Received Import Request.
  Time since last request: 236755.732837 seconds.
  path: Packages/com.unity.2d.spriteshape/Editor/ObjectMenuCreation/DefaultAssets/Sprite Shapes/Closed Sprite Shape.prefab
  artifactKey: Guid(c0583b4e855c74b8c82e7b9b5efb5ce9) Importer(815301076,1909f56bfc062723c751e8b465ee728b)
Start importing Packages/com.unity.2d.spriteshape/Editor/ObjectMenuCreation/DefaultAssets/Sprite Shapes/Closed Sprite Shape.prefab using Guid(c0583b4e855c74b8c82e7b9b5efb5ce9) Importer(815301076,1909f56bfc062723c751e8b465ee728b)  -> (artifact id: '92db92dde6cac6537cc7eb476bb9dedf') in 0.176328 seconds 
========================================================================
Received Import Request.
  Time since last request: 1519.010634 seconds.
  path: Assets/Scenes/SampleScene.unity
  artifactKey: Guid(2cda990e2423bbf4892e6590ba056729) Importer(815301076,1909f56bfc062723c751e8b465ee728b)
Start importing Assets/Scenes/SampleScene.unity using Guid(2cda990e2423bbf4892e6590ba056729) Importer(815301076,1909f56bfc062723c751e8b465ee728b)  -> (artifact id: 'bda695abd087c14fe925f85752aa01cb') in 0.008904 seconds 
========================================================================
Received Import Request.
  Time since last request: 856.622089 seconds.
  path: Assets/Scenes/Main.unity
  artifactKey: Guid(fd89ae84d208c7b4c847003381150935) Importer(815301076,1909f56bfc062723c751e8b465ee728b)
Start importing Assets/Scenes/Main.unity using Guid(fd89ae84d208c7b4c847003381150935) Importer(815301076,1909f56bfc062723c751e8b465ee728b)  -> (artifact id: '37115ee71bc35bb9ef3c74518bd2284a') in 0.007819 seconds 
========================================================================
Received Import Request.
  Time since last request: 3.513472 seconds.
  path: Assets/Scenes/SampleScene.unity
  artifactKey: Guid(2cda990e2423bbf4892e6590ba056729) Importer(815301076,1909f56bfc062723c751e8b465ee728b)
Start importing Assets/Scenes/SampleScene.unity using Guid(2cda990e2423bbf4892e6590ba056729) Importer(815301076,1909f56bfc062723c751e8b465ee728b)  -> (artifact id: '29ceed786fd91f582ee9393020b26281') in 0.002576 seconds 
========================================================================
Received Import Request.
  Time since last request: 267.304947 seconds.
  path: Assets/v1.1 dungeon crawler 16x16 pixel pack/full spritesheet.png
  artifactKey: Guid(1b50894f1fc5a844eb38dca1d969e024) Importer(815301076,1909f56bfc062723c751e8b465ee728b)
Start importing Assets/v1.1 dungeon crawler 16x16 pixel pack/full spritesheet.png using Guid(1b50894f1fc5a844eb38dca1d969e024) Importer(815301076,1909f56bfc062723c751e8b465ee728b)  -> (artifact id: '8bf2f9104aee899cccc7137d68698c0c') in 0.072532 seconds 
========================================================================
Received Import Request.
  Time since last request: 55.789811 seconds.
  path: Assets/Artwork/Atlas/tiles
  artifactKey: Guid(45ca58ea7c2ef7f4f998d418c1f3a522) Importer(815301076,1909f56bfc062723c751e8b465ee728b)
Start importing Assets/Artwork/Atlas/tiles using Guid(45ca58ea7c2ef7f4f998d418c1f3a522) Importer(815301076,1909f56bfc062723c751e8b465ee728b)  -> (artifact id: 'bbdef4d05f006b853bcf1dc26ec22223') in 0.008254 seconds 
========================================================================
Received Import Request.
  Time since last request: 1.597716 seconds.
  path: Assets/Artwork/Atlas/tiles/floor
  artifactKey: Guid(4eb65e0f282320446ae7140cdf7c27c3) Importer(815301076,1909f56bfc062723c751e8b465ee728b)
Start importing Assets/Artwork/Atlas/tiles/floor using Guid(4eb65e0f282320446ae7140cdf7c27c3) Importer(815301076,1909f56bfc062723c751e8b465ee728b)  -> (artifact id: '6269d666b5fe260e01194482f51a743b') in 0.008091 seconds 
========================================================================
Received Import Request.
  Time since last request: 0.025568 seconds.
  path: Assets/Artwork/Atlas/tiles/floor/door_floor.png
  artifactKey: Guid(0ec387821d0cc4e44bc04d4cf12d5c1a) Importer(815301076,1909f56bfc062723c751e8b465ee728b)
Start importing Assets/Artwork/Atlas/tiles/floor/door_floor.png using Guid(0ec387821d0cc4e44bc04d4cf12d5c1a) Importer(815301076,1909f56bfc062723c751e8b465ee728b)  -> (artifact id: '614d516f5705fcad5941fe040a9640d1') in 0.018234 seconds 
========================================================================
Received Import Request.
  Time since last request: 0.000045 seconds.
  path: Assets/Artwork/Atlas/tiles/floor/floor_3.png
  artifactKey: Guid(57e2c6cbc9625e04d95ad8fe472bb0e9) Importer(815301076,1909f56bfc062723c751e8b465ee728b)
Start importing Assets/Artwork/Atlas/tiles/floor/floor_3.png using Guid(57e2c6cbc9625e04d95ad8fe472bb0e9) Importer(815301076,1909f56bfc062723c751e8b465ee728b)  -> (artifact id: '0e6fd0254f396db09f1567015249be8e') in 0.015685 seconds 
========================================================================
Received Import Request.
  Time since last request: 0.000034 seconds.
  path: Assets/Artwork/Atlas/tiles/floor/spikes_anim_f2.png
  artifactKey: Guid(be01213dce6ec8f43a9d98f804630be0) Importer(815301076,1909f56bfc062723c751e8b465ee728b)
Start importing Assets/Artwork/Atlas/tiles/floor/spikes_anim_f2.png using Guid(be01213dce6ec8f43a9d98f804630be0) Importer(815301076,1909f56bfc062723c751e8b465ee728b)  -> (artifact id: '1ffaa44c5355a4356e7865dd7244f058') in 0.022993 seconds 
========================================================================
Received Import Request.
  Time since last request: 0.000031 seconds.
  path: Assets/Artwork/Atlas/tiles/floor/floor_stair.png
  artifactKey: Guid(90feaa968b46d264ca78e861f439f22a) Importer(815301076,1909f56bfc062723c751e8b465ee728b)
Start importing Assets/Artwork/Atlas/tiles/floor/floor_stair.png using Guid(90feaa968b46d264ca78e861f439f22a) Importer(815301076,1909f56bfc062723c751e8b465ee728b)  -> (artifact id: 'a83f36fb13cc1f633d142aa4b8a2c1c0') in 0.020582 seconds 
========================================================================
Received Import Request.
  Time since last request: 0.000037 seconds.
  path: Assets/Artwork/Atlas/tiles/floor/spikes_spritesheet.png
  artifactKey: Guid(24cfc7cd9462842428656d842ed1245f) Importer(815301076,1909f56bfc062723c751e8b465ee728b)
Start importing Assets/Artwork/Atlas/tiles/floor/spikes_spritesheet.png using Guid(24cfc7cd9462842428656d842ed1245f) Importer(815301076,1909f56bfc062723c751e8b465ee728b)  -> (artifact id: '6f9caf76b497b2ad34cf4190906f1e70') in 0.016188 seconds 
========================================================================
Received Import Request.
  Time since last request: 0.000022 seconds.
  path: Assets/Artwork/Atlas/tiles/floor/floor_7.png
  artifactKey: Guid(08713155651902340bd303a10b59eebc) Importer(815301076,1909f56bfc062723c751e8b465ee728b)
Start importing Assets/Artwork/Atlas/tiles/floor/floor_7.png using Guid(08713155651902340bd303a10b59eebc) Importer(815301076,1909f56bfc062723c751e8b465ee728b)  -> (artifact id: '7eb2dd1bfcee13ff028890cada07ca4a') in 0.015938 seconds 
========================================================================
Received Import Request.
  Time since last request: 0.000026 seconds.
  path: Assets/Artwork/Atlas/tiles/floor/floor_4.png
  artifactKey: Guid(6a762a75e8a99144aab33c41395a663f) Importer(815301076,1909f56bfc062723c751e8b465ee728b)
Start importing Assets/Artwork/Atlas/tiles/floor/floor_4.png using Guid(6a762a75e8a99144aab33c41395a663f) Importer(815301076,1909f56bfc062723c751e8b465ee728b)  -> (artifact id: '8cb530e6e515be51811b8b16822405a3') in 0.015864 seconds 
========================================================================
Received Import Request.
  Time since last request: 0.000027 seconds.
  path: Assets/Artwork/Atlas/tiles/floor/floor_side4.png
  artifactKey: Guid(8b7497fa03995364fbc642409ee7ee92) Importer(815301076,1909f56bfc062723c751e8b465ee728b)
Start importing Assets/Artwork/Atlas/tiles/floor/floor_side4.png using Guid(8b7497fa03995364fbc642409ee7ee92) Importer(815301076,1909f56bfc062723c751e8b465ee728b)  -> (artifact id: '841b805a0632965bff4f51acaf1f1a0f') in 0.019139 seconds 
========================================================================
Received Import Request.
  Time since last request: 0.000021 seconds.
  path: Assets/Artwork/Atlas/tiles/floor/stair_nextlevel.png
  artifactKey: Guid(17dd2e2df0073034487d690958a5a9cc) Importer(815301076,1909f56bfc062723c751e8b465ee728b)
Start importing Assets/Artwork/Atlas/tiles/floor/stair_nextlevel.png using Guid(17dd2e2df0073034487d690958a5a9cc) Importer(815301076,1909f56bfc062723c751e8b465ee728b)  -> (artifact id: '5dab08783fd33720255b0612e09c9f7c') in 0.016859 seconds 
========================================================================
Received Import Request.
  Time since last request: 0.000045 seconds.
  path: Assets/Artwork/Atlas/tiles/floor/floor_side2.png
  artifactKey: Guid(4e5c29a133ea18a45a3c72b465a06d7c) Importer(815301076,1909f56bfc062723c751e8b465ee728b)
Start importing Assets/Artwork/Atlas/tiles/floor/floor_side2.png using Guid(4e5c29a133ea18a45a3c72b465a06d7c) Importer(815301076,1909f56bfc062723c751e8b465ee728b)  -> (artifact id: '062bb0ed95d45b9cc914a3ce066b4e1a') in 0.016246 seconds 
========================================================================
Received Import Request.
  Time since last request: 0.000029 seconds.
  path: Assets/Artwork/Atlas/tiles/floor/spikes_anim_f6.png
  artifactKey: Guid(ebbdc6008a1541042b5b39ff61231a22) Importer(815301076,1909f56bfc062723c751e8b465ee728b)
Start importing Assets/Artwork/Atlas/tiles/floor/spikes_anim_f6.png using Guid(ebbdc6008a1541042b5b39ff61231a22) Importer(815301076,1909f56bfc062723c751e8b465ee728b)  -> (artifact id: 'e767c63ac411efd7ea5fda8e1e1474c6') in 0.014159 seconds 
========================================================================
Received Import Request.
  Time since last request: 0.000023 seconds.
  path: Assets/Artwork/Atlas/tiles/floor/spikes_anim_f1.png
  artifactKey: Guid(bfe63fe3e99049e46854f23cb3ed5c4e) Importer(815301076,1909f56bfc062723c751e8b465ee728b)
Start importing Assets/Artwork/Atlas/tiles/floor/spikes_anim_f1.png using Guid(bfe63fe3e99049e46854f23cb3ed5c4e) Importer(815301076,1909f56bfc062723c751e8b465ee728b)  -> (artifact id: '46c9d0426dd500a6bd8adc66ef9fba58') in 0.014742 seconds 
========================================================================
Received Import Request.
  Time since last request: 0.000025 seconds.
  path: Assets/Artwork/Atlas/tiles/floor/spikes_anim_f5.png
  artifactKey: Guid(b53b049ffcca4e84288e19e580e1ab2f) Importer(815301076,1909f56bfc062723c751e8b465ee728b)
Start importing Assets/Artwork/Atlas/tiles/floor/spikes_anim_f5.png using Guid(b53b049ffcca4e84288e19e580e1ab2f) Importer(815301076,1909f56bfc062723c751e8b465ee728b)  -> (artifact id: '368def552d064df53f6a08b07d850b25') in 0.014509 seconds 
========================================================================
Received Import Request.
  Time since last request: 0.000039 seconds.
  path: Assets/Artwork/Atlas/tiles/floor/floor_side.png
  artifactKey: Guid(380724301af56d541a1dda56545eb14c) Importer(815301076,1909f56bfc062723c751e8b465ee728b)
Start importing Assets/Artwork/Atlas/tiles/floor/floor_side.png using Guid(380724301af56d541a1dda56545eb14c) Importer(815301076,1909f56bfc062723c751e8b465ee728b)  -> (artifact id: 'ec5a01c8d0542eaf9b5debc68218a5ba') in 0.015964 seconds 
========================================================================
Received Import Request.
  Time since last request: 0.000021 seconds.
  path: Assets/Artwork/Atlas/tiles/floor/floor_side_left.png
  artifactKey: Guid(4e99f1b367a1f834b82a419c9b031500) Importer(815301076,1909f56bfc062723c751e8b465ee728b)
Start importing Assets/Artwork/Atlas/tiles/floor/floor_side_left.png using Guid(4e99f1b367a1f834b82a419c9b031500) Importer(815301076,1909f56bfc062723c751e8b465ee728b)  -> (artifact id: '5a33e43e67e41552b05770bd837c8b36') in 0.016485 seconds 
========================================================================
Received Import Request.
  Time since last request: 0.000024 seconds.
  path: Assets/Artwork/Atlas/tiles/floor/floor_10.png
  artifactKey: Guid(3200a36c87052c54e8c46017e83c2700) Importer(815301076,1909f56bfc062723c751e8b465ee728b)
Start importing Assets/Artwork/Atlas/tiles/floor/floor_10.png using Guid(3200a36c87052c54e8c46017e83c2700) Importer(815301076,1909f56bfc062723c751e8b465ee728b)  -> (artifact id: '65baa49bf3a7c759219e504dd860b9f7') in 0.014602 seconds 
Editor requested this worker to shutdown with reason: Scaling down because of idle timeout
AssetImportWorker is now disconnected from the server
Process exiting
Exiting without the bug reporter. Application will terminate with return code 0